<?xml version="1.0" encoding="UTF-8" ?>
<testsuite tests="3" failures="1" name="TestSuite" time="3.249" errors="0" skipped="0">
  <properties>
    <property name="java.runtime.name" value="Java(TM) SE Runtime Environment"/>
    <property name="sun.boot.library.path" value="C:\Program Files\Java\jdk1.8.0_131\jre\bin"/>
    <property name="java.vm.version" value="25.131-b11"/>
    <property name="java.vm.vendor" value="Oracle Corporation"/>
    <property name="java.vendor.url" value="http://java.oracle.com/"/>
    <property name="path.separator" value=";"/>
    <property name="java.vm.name" value="Java HotSpot(TM) 64-Bit Server VM"/>
    <property name="file.encoding.pkg" value="sun.io"/>
    <property name="user.script" value=""/>
    <property name="user.country" value="CN"/>
    <property name="sun.java.launcher" value="SUN_STANDARD"/>
    <property name="sun.os.patch.level" value=""/>
    <property name="java.vm.specification.name" value="Java Virtual Machine Specification"/>
    <property name="user.dir" value="C:\GITMASTER\AutoAPI\APITEST"/>
    <property name="java.runtime.version" value="1.8.0_131-b11"/>
    <property name="java.awt.graphicsenv" value="sun.awt.Win32GraphicsEnvironment"/>
    <property name="basedir" value="C:\GITMASTER\AutoAPI\APITEST"/>
    <property name="java.endorsed.dirs" value="C:\Program Files\Java\jdk1.8.0_131\jre\lib\endorsed"/>
    <property name="os.arch" value="amd64"/>
    <property name="surefire.real.class.path" value="C:\GITMASTER\AutoAPI\APITEST\target\surefire\surefirebooter464820346126022692.jar"/>
    <property name="java.io.tmpdir" value="C:\Users\86135\AppData\Local\Temp\"/>
    <property name="line.separator" value="
"/>
    <property name="java.vm.specification.vendor" value="Oracle Corporation"/>
    <property name="user.variant" value=""/>
    <property name="os.name" value="Windows 10"/>
    <property name="sun.jnu.encoding" value="GBK"/>
    <property name="java.library.path" value="C:\Program Files\Java\jdk1.8.0_131\jre\bin;C:\Windows\Sun\Java\bin;C:\Windows\system32;C:\Windows;C:\ProgramData\Oracle\Java\javapath;C:\Program Files (x86)\Intel\Intel(R) Management Engine Components\iCLS\;C:\Program Files\Intel\Intel(R) Management Engine Components\iCLS\;C:\Windows\system32;C:\Windows;C:\Windows\System32\Wbem;C:\Windows\System32\WindowsPowerShell\v1.0\;C:\Windows\System32\OpenSSH\;C:\Program Files (x86)\Intel\Intel(R) Management Engine Components\DAL;C:\Program Files\Intel\Intel(R) Management Engine Components\DAL;C:\Program Files (x86)\Intel\Intel(R) Management Engine Components\IPT;C:\Program Files\Intel\Intel(R) Management Engine Components\IPT;C:\Program Files (x86)\NVIDIA Corporation\PhysX\Common;C:\Program Files\NVIDIA Corporation\NVIDIA NvDLISR;C:\Program Files\Intel\WiFi\bin\;C:\Program Files\Common Files\Intel\WirelessCommon\;C:\Program Files\Java\jdk1.8.0_131\bin;C:\Program Files\Java\jdk1.8.0_131\jre\bin;C:\软件\apache-maven-3.6.2\bin;C:\软件\apache-maven-3.6.2\bin;C:\Users\86135\AppData\Local\Programs\Python\Python37-32\Scripts\;C:\Users\86135\AppData\Local\Programs\Python\Python37-32\;C:\Users\86135\AppData\Local\Microsoft\WindowsApps;C:\软件\IntelliJ IDEA 2019.2\bin;C:\软件\Fidder;C:\软件\VSCODE\Microsoft VS Code\bin;C:\Users\86135\IntelliJ IDEA Community Edition 2019.2.1\bin;C:\Users\86135\AppData\Local\BypassRuntm;C:\Users\86135\Documents\UltraEdit\;."/>
    <property name="surefire.test.class.path" value="C:\GITMASTER\AutoAPI\APITEST\target\test-classes;C:\GITMASTER\AutoAPI\APITEST\target\classes;C:\Users\86135\.m2\repository\org\springframework\boot\spring-boot-starter-web\2.1.7.RELEASE\spring-boot-starter-web-2.1.7.RELEASE.jar;C:\Users\86135\.m2\repository\org\springframework\boot\spring-boot-starter\2.1.7.RELEASE\spring-boot-starter-2.1.7.RELEASE.jar;C:\Users\86135\.m2\repository\org\springframework\boot\spring-boot\2.1.7.RELEASE\spring-boot-2.1.7.RELEASE.jar;C:\Users\86135\.m2\repository\org\springframework\boot\spring-boot-autoconfigure\2.1.7.RELEASE\spring-boot-autoconfigure-2.1.7.RELEASE.jar;C:\Users\86135\.m2\repository\org\springframework\boot\spring-boot-starter-logging\2.1.7.RELEASE\spring-boot-starter-logging-2.1.7.RELEASE.jar;C:\Users\86135\.m2\repository\ch\qos\logback\logback-classic\1.2.3\logback-classic-1.2.3.jar;C:\Users\86135\.m2\repository\ch\qos\logback\logback-core\1.2.3\logback-core-1.2.3.jar;C:\Users\86135\.m2\repository\org\apache\logging\log4j\log4j-to-slf4j\2.11.2\log4j-to-slf4j-2.11.2.jar;C:\Users\86135\.m2\repository\org\apache\logging\log4j\log4j-api\2.11.2\log4j-api-2.11.2.jar;C:\Users\86135\.m2\repository\org\slf4j\jul-to-slf4j\1.7.26\jul-to-slf4j-1.7.26.jar;C:\Users\86135\.m2\repository\javax\annotation\javax.annotation-api\1.3.2\javax.annotation-api-1.3.2.jar;C:\Users\86135\.m2\repository\org\springframework\spring-core\5.1.9.RELEASE\spring-core-5.1.9.RELEASE.jar;C:\Users\86135\.m2\repository\org\springframework\spring-jcl\5.1.9.RELEASE\spring-jcl-5.1.9.RELEASE.jar;C:\Users\86135\.m2\repository\org\yaml\snakeyaml\1.23\snakeyaml-1.23.jar;C:\Users\86135\.m2\repository\org\springframework\boot\spring-boot-starter-json\2.1.7.RELEASE\spring-boot-starter-json-2.1.7.RELEASE.jar;C:\Users\86135\.m2\repository\com\fasterxml\jackson\core\jackson-databind\2.9.9\jackson-databind-2.9.9.jar;C:\Users\86135\.m2\repository\com\fasterxml\jackson\core\jackson-core\2.9.9\jackson-core-2.9.9.jar;C:\Users\86135\.m2\repository\com\fasterxml\jackson\datatype\jackson-datatype-jdk8\2.9.9\jackson-datatype-jdk8-2.9.9.jar;C:\Users\86135\.m2\repository\com\fasterxml\jackson\datatype\jackson-datatype-jsr310\2.9.9\jackson-datatype-jsr310-2.9.9.jar;C:\Users\86135\.m2\repository\com\fasterxml\jackson\module\jackson-module-parameter-names\2.9.9\jackson-module-parameter-names-2.9.9.jar;C:\Users\86135\.m2\repository\org\springframework\boot\spring-boot-starter-tomcat\2.1.7.RELEASE\spring-boot-starter-tomcat-2.1.7.RELEASE.jar;C:\Users\86135\.m2\repository\org\apache\tomcat\embed\tomcat-embed-core\9.0.22\tomcat-embed-core-9.0.22.jar;C:\Users\86135\.m2\repository\org\apache\tomcat\embed\tomcat-embed-el\9.0.22\tomcat-embed-el-9.0.22.jar;C:\Users\86135\.m2\repository\org\apache\tomcat\embed\tomcat-embed-websocket\9.0.22\tomcat-embed-websocket-9.0.22.jar;C:\Users\86135\.m2\repository\org\hibernate\validator\hibernate-validator\6.0.17.Final\hibernate-validator-6.0.17.Final.jar;C:\Users\86135\.m2\repository\javax\validation\validation-api\2.0.1.Final\validation-api-2.0.1.Final.jar;C:\Users\86135\.m2\repository\org\jboss\logging\jboss-logging\3.3.2.Final\jboss-logging-3.3.2.Final.jar;C:\Users\86135\.m2\repository\org\springframework\spring-web\5.1.9.RELEASE\spring-web-5.1.9.RELEASE.jar;C:\Users\86135\.m2\repository\org\springframework\spring-beans\5.1.9.RELEASE\spring-beans-5.1.9.RELEASE.jar;C:\Users\86135\.m2\repository\org\springframework\spring-webmvc\5.1.9.RELEASE\spring-webmvc-5.1.9.RELEASE.jar;C:\Users\86135\.m2\repository\org\springframework\spring-aop\5.1.9.RELEASE\spring-aop-5.1.9.RELEASE.jar;C:\Users\86135\.m2\repository\org\springframework\spring-context\5.1.9.RELEASE\spring-context-5.1.9.RELEASE.jar;C:\Users\86135\.m2\repository\org\springframework\spring-expression\5.1.9.RELEASE\spring-expression-5.1.9.RELEASE.jar;C:\Users\86135\.m2\repository\io\springfox\springfox-swagger-ui\2.6.1\springfox-swagger-ui-2.6.1.jar;C:\Users\86135\.m2\repository\io\springfox\springfox-spring-web\2.6.1\springfox-spring-web-2.6.1.jar;C:\Users\86135\.m2\repository\io\springfox\springfox-swagger2\2.6.1\springfox-swagger2-2.6.1.jar;C:\Users\86135\.m2\repository\io\swagger\swagger-annotations\1.5.10\swagger-annotations-1.5.10.jar;C:\Users\86135\.m2\repository\io\swagger\swagger-models\1.5.10\swagger-models-1.5.10.jar;C:\Users\86135\.m2\repository\com\fasterxml\jackson\core\jackson-annotations\2.9.0\jackson-annotations-2.9.0.jar;C:\Users\86135\.m2\repository\io\springfox\springfox-spi\2.6.1\springfox-spi-2.6.1.jar;C:\Users\86135\.m2\repository\io\springfox\springfox-core\2.6.1\springfox-core-2.6.1.jar;C:\Users\86135\.m2\repository\io\springfox\springfox-schema\2.6.1\springfox-schema-2.6.1.jar;C:\Users\86135\.m2\repository\io\springfox\springfox-swagger-common\2.6.1\springfox-swagger-common-2.6.1.jar;C:\Users\86135\.m2\repository\com\google\guava\guava\18.0\guava-18.0.jar;C:\Users\86135\.m2\repository\com\fasterxml\classmate\1.4.0\classmate-1.4.0.jar;C:\Users\86135\.m2\repository\org\slf4j\slf4j-api\1.7.26\slf4j-api-1.7.26.jar;C:\Users\86135\.m2\repository\org\springframework\plugin\spring-plugin-core\1.2.0.RELEASE\spring-plugin-core-1.2.0.RELEASE.jar;C:\Users\86135\.m2\repository\org\springframework\plugin\spring-plugin-metadata\1.2.0.RELEASE\spring-plugin-metadata-1.2.0.RELEASE.jar;C:\Users\86135\.m2\repository\org\mapstruct\mapstruct\1.0.0.Final\mapstruct-1.0.0.Final.jar;C:\Users\86135\.m2\repository\org\projectlombok\lombok\1.16.14\lombok-1.16.14.jar;C:\Users\86135\.m2\repository\com\alibaba\fastjson\1.2.38\fastjson-1.2.38.jar;C:\Users\86135\.m2\repository\mysql\mysql-connector-java\8.0.17\mysql-connector-java-8.0.17.jar;C:\Users\86135\.m2\repository\org\mybatis\spring\boot\mybatis-spring-boot-starter\1.3.0\mybatis-spring-boot-starter-1.3.0.jar;C:\Users\86135\.m2\repository\org\springframework\boot\spring-boot-starter-jdbc\2.1.7.RELEASE\spring-boot-starter-jdbc-2.1.7.RELEASE.jar;C:\Users\86135\.m2\repository\com\zaxxer\HikariCP\3.2.0\HikariCP-3.2.0.jar;C:\Users\86135\.m2\repository\org\springframework\spring-jdbc\5.1.9.RELEASE\spring-jdbc-5.1.9.RELEASE.jar;C:\Users\86135\.m2\repository\org\springframework\spring-tx\5.1.9.RELEASE\spring-tx-5.1.9.RELEASE.jar;C:\Users\86135\.m2\repository\org\mybatis\spring\boot\mybatis-spring-boot-autoconfigure\1.3.0\mybatis-spring-boot-autoconfigure-1.3.0.jar;C:\Users\86135\.m2\repository\org\mybatis\mybatis-spring\1.3.1\mybatis-spring-1.3.1.jar;C:\Users\86135\.m2\repository\log4j\log4j\1.2.17\log4j-1.2.17.jar;C:\Users\86135\.m2\repository\org\mybatis\mybatis\3.4.5\mybatis-3.4.5.jar;C:\Users\86135\.m2\repository\com\relevantcodes\extentreports\2.41.1\extentreports-2.41.1.jar;C:\Users\86135\.m2\repository\org\jsoup\jsoup\1.8.3\jsoup-1.8.3.jar;C:\Users\86135\.m2\repository\org\xerial\sqlite-jdbc\3.25.2\sqlite-jdbc-3.25.2.jar;C:\Users\86135\.m2\repository\org\freemarker\freemarker\2.3.28\freemarker-2.3.28.jar;C:\Users\86135\.m2\repository\org\mongodb\mongodb-driver\3.8.2\mongodb-driver-3.8.2.jar;C:\Users\86135\.m2\repository\org\mongodb\bson\3.8.2\bson-3.8.2.jar;C:\Users\86135\.m2\repository\org\mongodb\mongodb-driver-core\3.8.2\mongodb-driver-core-3.8.2.jar;C:\Users\86135\.m2\repository\org\apache\httpcomponents\httpclient\4.2.2\httpclient-4.2.2.jar;C:\Users\86135\.m2\repository\org\apache\httpcomponents\httpcore\4.4.11\httpcore-4.4.11.jar;C:\Users\86135\.m2\repository\commons-codec\commons-codec\1.11\commons-codec-1.11.jar;C:\Users\86135\.m2\repository\com\vimalselvam\testng-extentsreport\1.3.1\testng-extentsreport-1.3.1.jar;C:\Users\86135\.m2\repository\org\testng\testng\6.10\testng-6.10.jar;C:\Users\86135\.m2\repository\com\beust\jcommander\1.48\jcommander-1.48.jar;C:\Users\86135\.m2\repository\com\aventstack\extentreports\3.0.6\extentreports-3.0.6.jar;C:\Users\86135\.m2\repository\org\apache\httpcomponents\httpmime\4.5.9\httpmime-4.5.9.jar;C:\Users\86135\.m2\repository\org\json\json\20170516\json-20170516.jar;"/>
    <property name="java.specification.name" value="Java Platform API Specification"/>
    <property name="java.class.version" value="52.0"/>
    <property name="sun.management.compiler" value="HotSpot 64-Bit Tiered Compilers"/>
    <property name="os.version" value="10.0"/>
    <property name="user.home" value="C:\Users\86135"/>
    <property name="user.timezone" value="Asia/Shanghai"/>
    <property name="java.awt.printerjob" value="sun.awt.windows.WPrinterJob"/>
    <property name="java.specification.version" value="1.8"/>
    <property name="file.encoding" value="GBK"/>
    <property name="user.name" value="86135"/>
    <property name="java.class.path" value="C:\GITMASTER\AutoAPI\APITEST\target\test-classes;C:\GITMASTER\AutoAPI\APITEST\target\classes;C:\Users\86135\.m2\repository\org\springframework\boot\spring-boot-starter-web\2.1.7.RELEASE\spring-boot-starter-web-2.1.7.RELEASE.jar;C:\Users\86135\.m2\repository\org\springframework\boot\spring-boot-starter\2.1.7.RELEASE\spring-boot-starter-2.1.7.RELEASE.jar;C:\Users\86135\.m2\repository\org\springframework\boot\spring-boot\2.1.7.RELEASE\spring-boot-2.1.7.RELEASE.jar;C:\Users\86135\.m2\repository\org\springframework\boot\spring-boot-autoconfigure\2.1.7.RELEASE\spring-boot-autoconfigure-2.1.7.RELEASE.jar;C:\Users\86135\.m2\repository\org\springframework\boot\spring-boot-starter-logging\2.1.7.RELEASE\spring-boot-starter-logging-2.1.7.RELEASE.jar;C:\Users\86135\.m2\repository\ch\qos\logback\logback-classic\1.2.3\logback-classic-1.2.3.jar;C:\Users\86135\.m2\repository\ch\qos\logback\logback-core\1.2.3\logback-core-1.2.3.jar;C:\Users\86135\.m2\repository\org\apache\logging\log4j\log4j-to-slf4j\2.11.2\log4j-to-slf4j-2.11.2.jar;C:\Users\86135\.m2\repository\org\apache\logging\log4j\log4j-api\2.11.2\log4j-api-2.11.2.jar;C:\Users\86135\.m2\repository\org\slf4j\jul-to-slf4j\1.7.26\jul-to-slf4j-1.7.26.jar;C:\Users\86135\.m2\repository\javax\annotation\javax.annotation-api\1.3.2\javax.annotation-api-1.3.2.jar;C:\Users\86135\.m2\repository\org\springframework\spring-core\5.1.9.RELEASE\spring-core-5.1.9.RELEASE.jar;C:\Users\86135\.m2\repository\org\springframework\spring-jcl\5.1.9.RELEASE\spring-jcl-5.1.9.RELEASE.jar;C:\Users\86135\.m2\repository\org\yaml\snakeyaml\1.23\snakeyaml-1.23.jar;C:\Users\86135\.m2\repository\org\springframework\boot\spring-boot-starter-json\2.1.7.RELEASE\spring-boot-starter-json-2.1.7.RELEASE.jar;C:\Users\86135\.m2\repository\com\fasterxml\jackson\core\jackson-databind\2.9.9\jackson-databind-2.9.9.jar;C:\Users\86135\.m2\repository\com\fasterxml\jackson\core\jackson-core\2.9.9\jackson-core-2.9.9.jar;C:\Users\86135\.m2\repository\com\fasterxml\jackson\datatype\jackson-datatype-jdk8\2.9.9\jackson-datatype-jdk8-2.9.9.jar;C:\Users\86135\.m2\repository\com\fasterxml\jackson\datatype\jackson-datatype-jsr310\2.9.9\jackson-datatype-jsr310-2.9.9.jar;C:\Users\86135\.m2\repository\com\fasterxml\jackson\module\jackson-module-parameter-names\2.9.9\jackson-module-parameter-names-2.9.9.jar;C:\Users\86135\.m2\repository\org\springframework\boot\spring-boot-starter-tomcat\2.1.7.RELEASE\spring-boot-starter-tomcat-2.1.7.RELEASE.jar;C:\Users\86135\.m2\repository\org\apache\tomcat\embed\tomcat-embed-core\9.0.22\tomcat-embed-core-9.0.22.jar;C:\Users\86135\.m2\repository\org\apache\tomcat\embed\tomcat-embed-el\9.0.22\tomcat-embed-el-9.0.22.jar;C:\Users\86135\.m2\repository\org\apache\tomcat\embed\tomcat-embed-websocket\9.0.22\tomcat-embed-websocket-9.0.22.jar;C:\Users\86135\.m2\repository\org\hibernate\validator\hibernate-validator\6.0.17.Final\hibernate-validator-6.0.17.Final.jar;C:\Users\86135\.m2\repository\javax\validation\validation-api\2.0.1.Final\validation-api-2.0.1.Final.jar;C:\Users\86135\.m2\repository\org\jboss\logging\jboss-logging\3.3.2.Final\jboss-logging-3.3.2.Final.jar;C:\Users\86135\.m2\repository\org\springframework\spring-web\5.1.9.RELEASE\spring-web-5.1.9.RELEASE.jar;C:\Users\86135\.m2\repository\org\springframework\spring-beans\5.1.9.RELEASE\spring-beans-5.1.9.RELEASE.jar;C:\Users\86135\.m2\repository\org\springframework\spring-webmvc\5.1.9.RELEASE\spring-webmvc-5.1.9.RELEASE.jar;C:\Users\86135\.m2\repository\org\springframework\spring-aop\5.1.9.RELEASE\spring-aop-5.1.9.RELEASE.jar;C:\Users\86135\.m2\repository\org\springframework\spring-context\5.1.9.RELEASE\spring-context-5.1.9.RELEASE.jar;C:\Users\86135\.m2\repository\org\springframework\spring-expression\5.1.9.RELEASE\spring-expression-5.1.9.RELEASE.jar;C:\Users\86135\.m2\repository\io\springfox\springfox-swagger-ui\2.6.1\springfox-swagger-ui-2.6.1.jar;C:\Users\86135\.m2\repository\io\springfox\springfox-spring-web\2.6.1\springfox-spring-web-2.6.1.jar;C:\Users\86135\.m2\repository\io\springfox\springfox-swagger2\2.6.1\springfox-swagger2-2.6.1.jar;C:\Users\86135\.m2\repository\io\swagger\swagger-annotations\1.5.10\swagger-annotations-1.5.10.jar;C:\Users\86135\.m2\repository\io\swagger\swagger-models\1.5.10\swagger-models-1.5.10.jar;C:\Users\86135\.m2\repository\com\fasterxml\jackson\core\jackson-annotations\2.9.0\jackson-annotations-2.9.0.jar;C:\Users\86135\.m2\repository\io\springfox\springfox-spi\2.6.1\springfox-spi-2.6.1.jar;C:\Users\86135\.m2\repository\io\springfox\springfox-core\2.6.1\springfox-core-2.6.1.jar;C:\Users\86135\.m2\repository\io\springfox\springfox-schema\2.6.1\springfox-schema-2.6.1.jar;C:\Users\86135\.m2\repository\io\springfox\springfox-swagger-common\2.6.1\springfox-swagger-common-2.6.1.jar;C:\Users\86135\.m2\repository\com\google\guava\guava\18.0\guava-18.0.jar;C:\Users\86135\.m2\repository\com\fasterxml\classmate\1.4.0\classmate-1.4.0.jar;C:\Users\86135\.m2\repository\org\slf4j\slf4j-api\1.7.26\slf4j-api-1.7.26.jar;C:\Users\86135\.m2\repository\org\springframework\plugin\spring-plugin-core\1.2.0.RELEASE\spring-plugin-core-1.2.0.RELEASE.jar;C:\Users\86135\.m2\repository\org\springframework\plugin\spring-plugin-metadata\1.2.0.RELEASE\spring-plugin-metadata-1.2.0.RELEASE.jar;C:\Users\86135\.m2\repository\org\mapstruct\mapstruct\1.0.0.Final\mapstruct-1.0.0.Final.jar;C:\Users\86135\.m2\repository\org\projectlombok\lombok\1.16.14\lombok-1.16.14.jar;C:\Users\86135\.m2\repository\com\alibaba\fastjson\1.2.38\fastjson-1.2.38.jar;C:\Users\86135\.m2\repository\mysql\mysql-connector-java\8.0.17\mysql-connector-java-8.0.17.jar;C:\Users\86135\.m2\repository\org\mybatis\spring\boot\mybatis-spring-boot-starter\1.3.0\mybatis-spring-boot-starter-1.3.0.jar;C:\Users\86135\.m2\repository\org\springframework\boot\spring-boot-starter-jdbc\2.1.7.RELEASE\spring-boot-starter-jdbc-2.1.7.RELEASE.jar;C:\Users\86135\.m2\repository\com\zaxxer\HikariCP\3.2.0\HikariCP-3.2.0.jar;C:\Users\86135\.m2\repository\org\springframework\spring-jdbc\5.1.9.RELEASE\spring-jdbc-5.1.9.RELEASE.jar;C:\Users\86135\.m2\repository\org\springframework\spring-tx\5.1.9.RELEASE\spring-tx-5.1.9.RELEASE.jar;C:\Users\86135\.m2\repository\org\mybatis\spring\boot\mybatis-spring-boot-autoconfigure\1.3.0\mybatis-spring-boot-autoconfigure-1.3.0.jar;C:\Users\86135\.m2\repository\org\mybatis\mybatis-spring\1.3.1\mybatis-spring-1.3.1.jar;C:\Users\86135\.m2\repository\log4j\log4j\1.2.17\log4j-1.2.17.jar;C:\Users\86135\.m2\repository\org\mybatis\mybatis\3.4.5\mybatis-3.4.5.jar;C:\Users\86135\.m2\repository\com\relevantcodes\extentreports\2.41.1\extentreports-2.41.1.jar;C:\Users\86135\.m2\repository\org\jsoup\jsoup\1.8.3\jsoup-1.8.3.jar;C:\Users\86135\.m2\repository\org\xerial\sqlite-jdbc\3.25.2\sqlite-jdbc-3.25.2.jar;C:\Users\86135\.m2\repository\org\freemarker\freemarker\2.3.28\freemarker-2.3.28.jar;C:\Users\86135\.m2\repository\org\mongodb\mongodb-driver\3.8.2\mongodb-driver-3.8.2.jar;C:\Users\86135\.m2\repository\org\mongodb\bson\3.8.2\bson-3.8.2.jar;C:\Users\86135\.m2\repository\org\mongodb\mongodb-driver-core\3.8.2\mongodb-driver-core-3.8.2.jar;C:\Users\86135\.m2\repository\org\apache\httpcomponents\httpclient\4.2.2\httpclient-4.2.2.jar;C:\Users\86135\.m2\repository\org\apache\httpcomponents\httpcore\4.4.11\httpcore-4.4.11.jar;C:\Users\86135\.m2\repository\commons-codec\commons-codec\1.11\commons-codec-1.11.jar;C:\Users\86135\.m2\repository\com\vimalselvam\testng-extentsreport\1.3.1\testng-extentsreport-1.3.1.jar;C:\Users\86135\.m2\repository\org\testng\testng\6.10\testng-6.10.jar;C:\Users\86135\.m2\repository\com\beust\jcommander\1.48\jcommander-1.48.jar;C:\Users\86135\.m2\repository\com\aventstack\extentreports\3.0.6\extentreports-3.0.6.jar;C:\Users\86135\.m2\repository\org\apache\httpcomponents\httpmime\4.5.9\httpmime-4.5.9.jar;C:\Users\86135\.m2\repository\org\json\json\20170516\json-20170516.jar;"/>
    <property name="java.vm.specification.version" value="1.8"/>
    <property name="sun.arch.data.model" value="64"/>
    <property name="java.home" value="C:\Program Files\Java\jdk1.8.0_131\jre"/>
    <property name="sun.java.command" value="C:\GITMASTER\AutoAPI\APITEST\target\surefire\surefirebooter464820346126022692.jar C:\GITMASTER\AutoAPI\APITEST\target\surefire\surefire6673525015806204571tmp C:\GITMASTER\AutoAPI\APITEST\target\surefire\surefire7251178320641134500tmp"/>
    <property name="java.specification.vendor" value="Oracle Corporation"/>
    <property name="user.language" value="zh"/>
    <property name="awt.toolkit" value="sun.awt.windows.WToolkit"/>
    <property name="java.vm.info" value="mixed mode"/>
    <property name="java.version" value="1.8.0_131"/>
    <property name="java.ext.dirs" value="C:\Program Files\Java\jdk1.8.0_131\jre\lib\ext;C:\Windows\Sun\Java\lib\ext"/>
    <property name="sun.boot.class.path" value="C:\Program Files\Java\jdk1.8.0_131\jre\lib\resources.jar;C:\Program Files\Java\jdk1.8.0_131\jre\lib\rt.jar;C:\Program Files\Java\jdk1.8.0_131\jre\lib\sunrsasign.jar;C:\Program Files\Java\jdk1.8.0_131\jre\lib\jsse.jar;C:\Program Files\Java\jdk1.8.0_131\jre\lib\jce.jar;C:\Program Files\Java\jdk1.8.0_131\jre\lib\charsets.jar;C:\Program Files\Java\jdk1.8.0_131\jre\lib\jfr.jar;C:\Program Files\Java\jdk1.8.0_131\jre\classes"/>
    <property name="java.vendor" value="Oracle Corporation"/>
    <property name="localRepository" value="C:\Users\86135\.m2\repository"/>
    <property name="file.separator" value="\"/>
    <property name="java.vendor.url.bug" value="http://bugreport.sun.com/bugreport/"/>
    <property name="sun.cpu.endian" value="little"/>
    <property name="sun.io.unicode.encoding" value="UnicodeLittle"/>
    <property name="sun.desktop" value="windows"/>
    <property name="sun.cpu.isalist" value="amd64"/>
  </properties>
  <testcase classname="com.course.bvtcase.Login" name="loginCase" time="1.06"/>
  <testcase classname="com.course.bvtcase.AddProduct" name="addProduct" time="0.589"/>
  <testcase classname="com.course.bvtcase.UpdateProduct" name="updateProduct" time="0.333">
    <failure message="java.lang.Integer cannot be cast to java.lang.String" type="java.lang.ClassCastException">java.lang.ClassCastException: java.lang.Integer cannot be cast to java.lang.String
	at com.course.bvtcase.UpdateProduct.updateProduct(UpdateProduct.java:78)
</failure>
    <system-out>{&quot;introduce&quot;:&quot;1&quot;,&quot;quotaRangeEnd&quot;:&quot;11&quot;,&quot;applyRequirement&quot;:&quot;1&quot;,&quot;requirementMaterial&quot;:&quot;1&quot;,&quot;acceptanceTimeEnd&quot;:&quot;3&quot;,&quot;guaranteeMeansIds&quot;:&quot;5&quot;,&quot;areaIds&quot;:[&quot;1&quot;],&quot;saleStatus&quot;:&quot;0&quot;,&quot;acceptanceTimeStart&quot;:&quot;1&quot;,&quot;provinceId&quot;:&quot;330000&quot;,&quot;characteristic&quot;:&quot;1&quot;,&quot;repaymentMeansIds&quot;:&quot;9&quot;,&quot;applyRequirementIds&quot;:[],&quot;labelIds&quot;:&quot;&quot;,&quot;termRangeStart&quot;:&quot;1&quot;,&quot;createTime&quot;:&quot;2019-09-11 12,25,45&quot;,&quot;annualInterestRangeEnd&quot;:&quot;3&quot;,&quot;termRangeEnd&quot;:&quot;3&quot;,&quot;loanUseIds&quot;:&quot;1,4&quot;,&quot;name&quot;:&quot;试测&quot;,&quot;fullProvince&quot;:false,&quot;id&quot;:&quot;1171640986992906242&quot;,&quot;annualInterestRangeStart&quot;:&quot;1&quot;,&quot;enterpriseAccessRequirementList&quot;:[&quot;code&quot;,&quot;11&quot;]}
{&quot;introduce&quot;:&quot;1&quot;,&quot;quotaRangeEnd&quot;:&quot;11&quot;,&quot;applyRequirement&quot;:&quot;1&quot;,&quot;requirementMaterial&quot;:&quot;1&quot;,&quot;acceptanceTimeEnd&quot;:&quot;3&quot;,&quot;guaranteeMeansIds&quot;:&quot;5&quot;,&quot;areaIds&quot;:[&quot;1&quot;],&quot;saleStatus&quot;:&quot;0&quot;,&quot;acceptanceTimeStart&quot;:&quot;1&quot;,&quot;provinceId&quot;:&quot;330000&quot;,&quot;characteristic&quot;:&quot;1&quot;,&quot;repaymentMeansIds&quot;:&quot;9&quot;,&quot;applyRequirementIds&quot;:[],&quot;labelIds&quot;:&quot;&quot;,&quot;termRangeStart&quot;:&quot;1&quot;,&quot;createTime&quot;:&quot;2019-09-11 12,25,45&quot;,&quot;annualInterestRangeEnd&quot;:&quot;3&quot;,&quot;termRangeEnd&quot;:&quot;3&quot;,&quot;loanUseIds&quot;:&quot;1,4&quot;,&quot;name&quot;:&quot;试测&quot;,&quot;fullProvince&quot;:false,&quot;id&quot;:&quot;1171640986992906242&quot;,&quot;annualInterestRangeStart&quot;:&quot;1&quot;,&quot;enterpriseAccessRequirementList&quot;:[&quot;code&quot;,&quot;11&quot;]}
15:22:44.617 [TestNG] DEBUG org.apache.http.impl.conn.BasicClientConnectionManager - Get connection for route {}-&gt;http://10.56.4.87
15:22:44.617 [TestNG] DEBUG org.apache.http.impl.client.DefaultHttpClient - Stale connection check
15:22:44.619 [TestNG] DEBUG org.apache.http.client.protocol.RequestAddCookies - CookieSpec selected: best-match
15:22:44.619 [TestNG] DEBUG org.apache.http.client.protocol.RequestAddCookies - Cookie [version: 0][name: JSESSIONID][value: 5ad748cb-c2c3-416c-8388-c45251b77fea][domain: 10.56.4.87][path: /][expiry: null] match [10.56.4.87:80/test/api/loan/product/bank/update]
15:22:44.619 [TestNG] DEBUG org.apache.http.client.protocol.RequestAuthCache - Auth cache not set in the context
15:22:44.619 [TestNG] DEBUG org.apache.http.client.protocol.RequestTargetAuthentication - Target auth state: UNCHALLENGED
15:22:44.619 [TestNG] DEBUG org.apache.http.client.protocol.RequestProxyAuthentication - Proxy auth state: UNCHALLENGED
15:22:44.619 [TestNG] DEBUG org.apache.http.impl.client.DefaultHttpClient - Attempt 1 to execute request
15:22:44.619 [TestNG] DEBUG org.apache.http.impl.conn.DefaultClientConnection - Sending request: PUT /test/api/loan/product/bank/update HTTP/1.1
15:22:44.619 [TestNG] DEBUG org.apache.http.wire - &gt;&gt; &quot;PUT /test/api/loan/product/bank/update HTTP/1.1[\r][\n]&quot;
15:22:44.619 [TestNG] DEBUG org.apache.http.wire - &gt;&gt; &quot;content-type: application/json[\r][\n]&quot;
15:22:44.619 [TestNG] DEBUG org.apache.http.wire - &gt;&gt; &quot;Content-Length: 566[\r][\n]&quot;
15:22:44.620 [TestNG] DEBUG org.apache.http.wire - &gt;&gt; &quot;Host: 10.56.4.87[\r][\n]&quot;
15:22:44.620 [TestNG] DEBUG org.apache.http.wire - &gt;&gt; &quot;Connection: Keep-Alive[\r][\n]&quot;
15:22:44.620 [TestNG] DEBUG org.apache.http.wire - &gt;&gt; &quot;User-Agent: Apache-HttpClient/4.2.2 (java 1.5)[\r][\n]&quot;
15:22:44.620 [TestNG] DEBUG org.apache.http.wire - &gt;&gt; &quot;Cookie: JSESSIONID=5ad748cb-c2c3-416c-8388-c45251b77fea[\r][\n]&quot;
15:22:44.620 [TestNG] DEBUG org.apache.http.wire - &gt;&gt; &quot;Cookie2: $Version=1[\r][\n]&quot;
15:22:44.620 [TestNG] DEBUG org.apache.http.wire - &gt;&gt; &quot;[\r][\n]&quot;
15:22:44.620 [TestNG] DEBUG org.apache.http.headers - &gt;&gt; PUT /test/api/loan/product/bank/update HTTP/1.1
15:22:44.620 [TestNG] DEBUG org.apache.http.headers - &gt;&gt; content-type: application/json
15:22:44.620 [TestNG] DEBUG org.apache.http.headers - &gt;&gt; Content-Length: 566
15:22:44.620 [TestNG] DEBUG org.apache.http.headers - &gt;&gt; Host: 10.56.4.87
15:22:44.620 [TestNG] DEBUG org.apache.http.headers - &gt;&gt; Connection: Keep-Alive
15:22:44.620 [TestNG] DEBUG org.apache.http.headers - &gt;&gt; User-Agent: Apache-HttpClient/4.2.2 (java 1.5)
15:22:44.620 [TestNG] DEBUG org.apache.http.headers - &gt;&gt; Cookie: JSESSIONID=5ad748cb-c2c3-416c-8388-c45251b77fea
15:22:44.620 [TestNG] DEBUG org.apache.http.headers - &gt;&gt; Cookie2: $Version=1
15:22:44.621 [TestNG] DEBUG org.apache.http.wire - &gt;&gt; &quot;{&quot;introduce&quot;:&quot;1&quot;,&quot;quotaRangeEnd&quot;:&quot;11&quot;,&quot;applyRequirement&quot;:&quot;1&quot;,&quot;requirementMaterial&quot;:&quot;1&quot;,&quot;acceptanceTimeEnd&quot;:&quot;3&quot;,&quot;guaranteeMeansIds&quot;:&quot;5&quot;,&quot;areaIds&quot;:[&quot;1&quot;],&quot;saleStatus&quot;:&quot;0&quot;,&quot;acceptanceTimeStart&quot;:&quot;1&quot;,&quot;provinceId&quot;:&quot;330000&quot;,&quot;characteristic&quot;:&quot;1&quot;,&quot;repaymentMeansIds&quot;:&quot;9&quot;,&quot;applyRequirementIds&quot;:[],&quot;labelIds&quot;:&quot;&quot;,&quot;termRangeStart&quot;:&quot;1&quot;,&quot;createTime&quot;:&quot;2019-09-11 12,25,45&quot;,&quot;annualInterestRangeEnd&quot;:&quot;3&quot;,&quot;termRangeEnd&quot;:&quot;3&quot;,&quot;loanUseIds&quot;:&quot;1,4&quot;,&quot;name&quot;:&quot;[0xe8][0xaf][0x95][0xe6][0xb5][0x8b]&quot;,&quot;fullProvince&quot;:false,&quot;id&quot;:&quot;1171640986992906242&quot;,&quot;annualInterestRangeStart&quot;:&quot;1&quot;,&quot;enterpriseAccessRequirementList&quot;:[&quot;code&quot;,&quot;11&quot;]}&quot;
15:22:44.936 [TestNG] DEBUG org.apache.http.wire - &lt;&lt; &quot;HTTP/1.1 500 [\r][\n]&quot;
15:22:44.936 [TestNG] DEBUG org.apache.http.wire - &lt;&lt; &quot;Server: Tengine[\r][\n]&quot;
15:22:44.936 [TestNG] DEBUG org.apache.http.wire - &lt;&lt; &quot;Date: Wed, 11 Sep 2019 07:22:53 GMT[\r][\n]&quot;
15:22:44.936 [TestNG] DEBUG org.apache.http.wire - &lt;&lt; &quot;Content-Type: application/json;charset=UTF-8[\r][\n]&quot;
15:22:44.936 [TestNG] DEBUG org.apache.http.wire - &lt;&lt; &quot;Transfer-Encoding: chunked[\r][\n]&quot;
15:22:44.936 [TestNG] DEBUG org.apache.http.wire - &lt;&lt; &quot;Connection: keep-alive[\r][\n]&quot;
15:22:44.936 [TestNG] DEBUG org.apache.http.wire - &lt;&lt; &quot;Keep-Alive: timeout=60[\r][\n]&quot;
15:22:44.936 [TestNG] DEBUG org.apache.http.wire - &lt;&lt; &quot;Access-Control-Allow-Origin: *[\r][\n]&quot;
15:22:44.936 [TestNG] DEBUG org.apache.http.wire - &lt;&lt; &quot;Access-Control-Allow-Methods: POST, GET, OPTIONS, DELETE[\r][\n]&quot;
15:22:44.936 [TestNG] DEBUG org.apache.http.wire - &lt;&lt; &quot;Access-Control-Max-Age: 3600[\r][\n]&quot;
15:22:44.936 [TestNG] DEBUG org.apache.http.wire - &lt;&lt; &quot;Access-Control-Allow-Headers: x-requested-with,x-auth-token[\r][\n]&quot;
15:22:44.936 [TestNG] DEBUG org.apache.http.wire - &lt;&lt; &quot;[\r][\n]&quot;
15:22:44.936 [TestNG] DEBUG org.apache.http.impl.conn.DefaultClientConnection - Receiving response: HTTP/1.1 500 
15:22:44.936 [TestNG] DEBUG org.apache.http.headers - &lt;&lt; HTTP/1.1 500 
15:22:44.936 [TestNG] DEBUG org.apache.http.headers - &lt;&lt; Server: Tengine
15:22:44.936 [TestNG] DEBUG org.apache.http.headers - &lt;&lt; Date: Wed, 11 Sep 2019 07:22:53 GMT
15:22:44.936 [TestNG] DEBUG org.apache.http.headers - &lt;&lt; Content-Type: application/json;charset=UTF-8
15:22:44.936 [TestNG] DEBUG org.apache.http.headers - &lt;&lt; Transfer-Encoding: chunked
15:22:44.936 [TestNG] DEBUG org.apache.http.headers - &lt;&lt; Connection: keep-alive
15:22:44.936 [TestNG] DEBUG org.apache.http.headers - &lt;&lt; Keep-Alive: timeout=60
15:22:44.937 [TestNG] DEBUG org.apache.http.headers - &lt;&lt; Access-Control-Allow-Origin: *
15:22:44.937 [TestNG] DEBUG org.apache.http.headers - &lt;&lt; Access-Control-Allow-Methods: POST, GET, OPTIONS, DELETE
15:22:44.937 [TestNG] DEBUG org.apache.http.headers - &lt;&lt; Access-Control-Max-Age: 3600
15:22:44.937 [TestNG] DEBUG org.apache.http.headers - &lt;&lt; Access-Control-Allow-Headers: x-requested-with,x-auth-token
15:22:44.937 [TestNG] DEBUG org.apache.http.impl.client.DefaultHttpClient - Connection can be kept alive for 60000 MILLISECONDS
15:22:44.937 [TestNG] DEBUG org.apache.http.wire - &lt;&lt; &quot;3d[\r][\n]&quot;
15:22:44.937 [TestNG] DEBUG org.apache.http.wire - &lt;&lt; &quot;{&quot;code&quot;:1,&quot;msg&quot;:&quot;[0xe7][0xb3][0xbb][0xe7][0xbb][0x9f][0xe7][0xb9][0x81][0xe5][0xbf][0x99][0xef][0xbc][0x8c][0xe8][0xaf][0xb7][0xe7][0xa8][0x8d][0xe5][0x90][0x8e][0xe5][0x86][0x8d][0xe8][0xaf][0x95]&quot;,&quot;data&quot;:null}&quot;
15:22:44.937 [TestNG] DEBUG org.apache.http.wire - &lt;&lt; &quot;[\r][\n]&quot;
15:22:44.937 [TestNG] DEBUG org.apache.http.wire - &lt;&lt; &quot;0[\r][\n]&quot;
15:22:44.937 [TestNG] DEBUG org.apache.http.wire - &lt;&lt; &quot;[\r][\n]&quot;
15:22:44.937 [TestNG] DEBUG org.apache.http.impl.conn.BasicClientConnectionManager - Releasing connection org.apache.http.impl.conn.ManagedClientConnectionImpl@781ca46c
15:22:44.937 [TestNG] DEBUG org.apache.http.impl.conn.BasicClientConnectionManager - Connection can be kept alive for 60000 MILLISECONDS
</system-out>
  </testcase>
</testsuite>