<?xml version="1.0" encoding="UTF-8"?>
<!-- Generated by org.testng.reporters.JUnitReportReporter -->
<testsuite name="com.course.bvtcase.AddProduct" tests="1" time="0.589" ignored="0" failures="0" timestamp="11 九月 2019 07:22:45 GMT" skipped="0" hostname="DESKTOP-88N3CN4" errors="0">
  <testcase name="addProduct" time="0.589" classname="com.course.bvtcase.AddProduct"/>
</testsuite> <!-- com.course.bvtcase.AddProduct -->
